Created by PLY version 3.4 (http://www.dabeaz.com/ply)

Unused terminals:

    RPAREN
    LPAREN

Grammar

Rule 0     S' -> program
Rule 1     program -> CLASS ID LBRACE classdef RBRACE
Rule 2     classdef -> ID

Terminals, with rules where they appear

CLASS                : 1
ID                   : 1 2
LBRACE               : 1
LPAREN               : 
RBRACE               : 1
RPAREN               : 
error                : 

Nonterminals, with rules where they appear

classdef             : 1
program              : 0

Parsing method: LALR

state 0

    (0) S' -> . program
    (1) program -> . CLASS ID LBRACE classdef RBRACE

    CLASS           shift and go to state 2

    program                        shift and go to state 1

state 1

    (0) S' -> program .



state 2

    (1) program -> CLASS . ID LBRACE classdef RBRACE

    ID              shift and go to state 3


state 3

    (1) program -> CLASS ID . LBRACE classdef RBRACE

    LBRACE          shift and go to state 4


state 4

    (1) program -> CLASS ID LBRACE . classdef RBRACE
    (2) classdef -> . ID

    ID              shift and go to state 6

    classdef                       shift and go to state 5

state 5

    (1) program -> CLASS ID LBRACE classdef . RBRACE

    RBRACE          shift and go to state 7


state 6

    (2) classdef -> ID .

    RBRACE          reduce using rule 2 (classdef -> ID .)


state 7

    (1) program -> CLASS ID LBRACE classdef RBRACE .

    $end            reduce using rule 1 (program -> CLASS ID LBRACE classdef RBRACE .)

